<?xml version="1.0" encoding="UTF-8"?>
<testsuite xmlns:xsi="http://www.w3.org/2001/XMLSchema-instance" xsi:noNamespaceSchemaLocation="https://maven.apache.org/surefire/maven-surefire-plugin/xsd/surefire-test-report.xsd" name="io.aashay.AppTest" time="0.008" tests="1" errors="0" skipped="0" failures="0">
  <properties>
    <property name="java.specification.version" value="13"/>
    <property name="sun.jnu.encoding" value="UTF-8"/>
    <property name="java.class.path" value="/Users/aashayshah/code/lanterna/target/test-classes:/Users/aashayshah/code/lanterna/target/classes:/Users/aashayshah/.m2/repository/junit/junit/3.8.1/junit-3.8.1.jar:/Users/aashayshah/.m2/repository/com/googlecode/lanterna/lanterna/3.0.2/lanterna-3.0.2.jar:"/>
    <property name="java.vm.vendor" value="Oracle Corporation"/>
    <property name="sun.arch.data.model" value="64"/>
    <property name="java.vendor.url" value="https://java.oracle.com/"/>
    <property name="os.name" value="Mac OS X"/>
    <property name="java.vm.specification.version" value="13"/>
    <property name="sun.java.launcher" value="SUN_STANDARD"/>
    <property name="user.country" value="HK"/>
    <property name="sun.boot.library.path" value="/Library/Java/JavaVirtualMachines/jdk-13.0.1.jdk/Contents/Home/lib"/>
    <property name="sun.java.command" value="/Users/aashayshah/code/lanterna/target/surefire/surefirebooter3262423177999253433.jar /Users/aashayshah/code/lanterna/target/surefire 2020-01-17T09-24-41_106-jvmRun1 surefire16966195790761070194tmp surefire_017906261018763906639tmp"/>
    <property name="http.nonProxyHosts" value="local|*.local|169.254/16|*.169.254/16|autodesk.com|*.autodesk.com|autodesk360.com|*.autodesk360.com|google-analytics.com|*.google-analytics.com|akamaiedge.net|*.akamaiedge.net|ui-dls360.autodesk.com|*.ui-dls360.autodesk.com|services.autodesk.com|*.services.autodesk.com|fusionapi.autodesk.com|*.fusionapi.autodesk.com|a360-statusdashboard.s3.amazonaws.com|*.a360-statusdashboard.s3.amazonaws.com|accounts.autodesk.com|*.accounts.autodesk.com|api.autodesk.com|*.api.autodesk.com|appstreaming.autodesk.com|*.appstreaming.autodesk.com|amazonaws.com|*.amazonaws.com|notifications.api.autodesk.com|*.notifications.api.autodesk.com|mcmaster.com|*.mcmaster.com|uploads.protolabs.com|*.uploads.protolabs.com|deploy.akamaitechnologies.com|*.deploy.akamaitechnologies.com|tracepartsonline.net|*.tracepartsonline.net|akamai.com|*.akamai.com"/>
    <property name="jdk.debug" value="release"/>
    <property name="surefire.test.class.path" value="/Users/aashayshah/code/lanterna/target/test-classes:/Users/aashayshah/code/lanterna/target/classes:/Users/aashayshah/.m2/repository/junit/junit/3.8.1/junit-3.8.1.jar:/Users/aashayshah/.m2/repository/com/googlecode/lanterna/lanterna/3.0.2/lanterna-3.0.2.jar:"/>
    <property name="sun.cpu.endian" value="little"/>
    <property name="user.home" value="/Users/aashayshah"/>
    <property name="user.language" value="en"/>
    <property name="java.specification.vendor" value="Oracle Corporation"/>
    <property name="java.version.date" value="2019-10-15"/>
    <property name="java.home" value="/Library/Java/JavaVirtualMachines/jdk-13.0.1.jdk/Contents/Home"/>
    <property name="file.separator" value="/"/>
    <property name="basedir" value="/Users/aashayshah/code/lanterna"/>
    <property name="java.vm.compressedOopsMode" value="Zero based"/>
    <property name="line.separator" value="&#10;"/>
    <property name="java.specification.name" value="Java Platform API Specification"/>
    <property name="java.vm.specification.vendor" value="Oracle Corporation"/>
    <property name="surefire.real.class.path" value="/Users/aashayshah/code/lanterna/target/surefire/surefirebooter3262423177999253433.jar"/>
    <property name="sun.management.compiler" value="HotSpot 64-Bit Tiered Compilers"/>
    <property name="ftp.nonProxyHosts" value="local|*.local|169.254/16|*.169.254/16|autodesk.com|*.autodesk.com|autodesk360.com|*.autodesk360.com|google-analytics.com|*.google-analytics.com|akamaiedge.net|*.akamaiedge.net|ui-dls360.autodesk.com|*.ui-dls360.autodesk.com|services.autodesk.com|*.services.autodesk.com|fusionapi.autodesk.com|*.fusionapi.autodesk.com|a360-statusdashboard.s3.amazonaws.com|*.a360-statusdashboard.s3.amazonaws.com|accounts.autodesk.com|*.accounts.autodesk.com|api.autodesk.com|*.api.autodesk.com|appstreaming.autodesk.com|*.appstreaming.autodesk.com|amazonaws.com|*.amazonaws.com|notifications.api.autodesk.com|*.notifications.api.autodesk.com|mcmaster.com|*.mcmaster.com|uploads.protolabs.com|*.uploads.protolabs.com|deploy.akamaitechnologies.com|*.deploy.akamaitechnologies.com|tracepartsonline.net|*.tracepartsonline.net|akamai.com|*.akamai.com"/>
    <property name="java.runtime.version" value="13.0.1+9"/>
    <property name="user.name" value="aashayshah"/>
    <property name="path.separator" value=":"/>
    <property name="os.version" value="10.15.1"/>
    <property name="java.runtime.name" value="Java(TM) SE Runtime Environment"/>
    <property name="file.encoding" value="UTF-8"/>
    <property name="java.vm.name" value="Java HotSpot(TM) 64-Bit Server VM"/>
    <property name="localRepository" value="/Users/aashayshah/.m2/repository"/>
    <property name="java.vendor.url.bug" value="https://bugreport.java.com/bugreport/"/>
    <property name="java.io.tmpdir" value="/var/folders/lp/sb0ymf5937d4xs6cqbvy1_cr0000gn/T/"/>
    <property name="java.version" value="13.0.1"/>
    <property name="user.dir" value="/Users/aashayshah/code/lanterna"/>
    <property name="os.arch" value="x86_64"/>
    <property name="java.vm.specification.name" value="Java Virtual Machine Specification"/>
    <property name="java.library.path" value="/Users/aashayshah/Library/Java/Extensions:/Library/Java/Extensions:/Network/Library/Java/Extensions:/System/Library/Java/Extensions:/usr/lib/java:."/>
    <property name="java.vm.info" value="mixed mode, sharing"/>
    <property name="java.vendor" value="Oracle Corporation"/>
    <property name="java.vm.version" value="13.0.1+9"/>
    <property name="sun.io.unicode.encoding" value="UnicodeBig"/>
    <property name="socksNonProxyHosts" value="local|*.local|169.254/16|*.169.254/16|autodesk.com|*.autodesk.com|autodesk360.com|*.autodesk360.com|google-analytics.com|*.google-analytics.com|akamaiedge.net|*.akamaiedge.net|ui-dls360.autodesk.com|*.ui-dls360.autodesk.com|services.autodesk.com|*.services.autodesk.com|fusionapi.autodesk.com|*.fusionapi.autodesk.com|a360-statusdashboard.s3.amazonaws.com|*.a360-statusdashboard.s3.amazonaws.com|accounts.autodesk.com|*.accounts.autodesk.com|api.autodesk.com|*.api.autodesk.com|appstreaming.autodesk.com|*.appstreaming.autodesk.com|amazonaws.com|*.amazonaws.com|notifications.api.autodesk.com|*.notifications.api.autodesk.com|mcmaster.com|*.mcmaster.com|uploads.protolabs.com|*.uploads.protolabs.com|deploy.akamaitechnologies.com|*.deploy.akamaitechnologies.com|tracepartsonline.net|*.tracepartsonline.net|akamai.com|*.akamai.com"/>
    <property name="java.class.version" value="57.0"/>
  </properties>
  <testcase name="testApp" classname="io.aashay.AppTest" time="0.002"/>
</testsuite>